<?xml version="1.0" encoding="UTF-8"?>
<testsuite name="SILab2Test" tests="1" skipped="0" failures="0" errors="0" timestamp="2023-05-31T19:19:41" hostname="DESKTOP-BV8S135" time="0.02">
  <properties/>
  <testcase name="everyBranchTest()" classname="SILab2Test" time="0.02"/>
  <system-out><![CDATA[Testing using every branch method
user@email0.com
user@email1.com
user@email2.com
user@email3.com
user@email4.com
User, password and email are null/not null
Success!
Null/non-Null Username
Success!
User email contains/doesn't contain @ and .
Success!
User list is emtpy/not empty
Success!
Existing/No existing user with an identical email
]]></system-out>
  <system-err><![CDATA[]]></system-err>
</testsuite>
